<?xml version="1.0" encoding="UTF-8"?>
<testng-results skipped="0" failed="0" ignored="0" total="0" passed="0">
  <reporter-output>
  </reporter-output>
  <suite name="com.amazon.auto.com.amazon.validation.AppTest" duration-ms="56" started-at="2020-04-28T12:46:47Z" finished-at="2020-04-28T12:46:47Z">
    <groups>
    </groups>
    <test name="Command line test" duration-ms="56" started-at="2020-04-28T12:46:47Z" finished-at="2020-04-28T12:46:47Z">
    </test> <!-- Command line test -->
  </suite> <!-- com.amazon.auto.com.amazon.validation.AppTest -->
</testng-results>
